=== EMAIL NOTIFICATION LOG ===
Timestamp: 2025-07-02 20:44:38
To: poseidonseal888@gmail.com
Nama Masyarakat: Adamas
Judul Permohonan: tes permohonan 1
Verifikator: Tri Setiawan
Status: SUCCESS
Message: Email sent successfully
================================

=== EMAIL NOTIFICATION LOG ===
Timestamp: 2025-07-21 09:34:24
To: poseidonseal003@gmail.com
Nama Masyarakat: Masyarakat 1
Judul Permohonan: tes permohonan 1
Verifikator: pegwai1
Status: SUCCESS
Message: Email sent successfully
================================

=== EMAIL NOTIFICATION LOG ===
Timestamp: 2025-07-21 10:02:12
To: poseidonseal003@gmail.com
Nama Masyarakat: Masyarakat 1
Judul Permohonan: tes permohonan 1
Verifikator: pegwai1
Status: SUCCESS
Message: Email sent successfully
================================

=== EMAIL NOTIFICATION LOG ===
Timestamp: 2025-07-21 10:03:52
To: kalani1520@gmail.com
Nama Masyarakat: Masyarakat 1
Judul Permohonan: tes permohonan 1
Verifikator: pegwai1
Status: SUCCESS
Message: Email sent successfully
================================

=== EMAIL NOTIFICATION LOG ===
Timestamp: 2025-07-21 10:04:12
To: kalani1520@gmail.com
Nama Masyarakat: Masyarakat 1
Judul Permohonan: tes permohonan 1
Verifikator: pegwai1
Status: SUCCESS
Message: Email sent successfully
================================

